0 info it worked if it ends with ok
1 verbose cli [ 'C:\\Program Files\\nodejs\\node.exe',
1 verbose cli   'C:\\Program Files\\nodejs\\node_modules\\npm\\bin\\npm-cli.js',
1 verbose cli   'run',
1 verbose cli   'typings' ]
2 info using npm@3.10.3
3 info using node@v6.7.0
4 verbose run-script [ 'pretypings', 'typings', 'posttypings' ]
5 info lifecycle pets4ever-backend@1.0.0~pretypings: pets4ever-backend@1.0.0
6 silly lifecycle pets4ever-backend@1.0.0~pretypings: no script for pretypings, continuing
7 info lifecycle pets4ever-backend@1.0.0~typings: pets4ever-backend@1.0.0
8 verbose lifecycle pets4ever-backend@1.0.0~typings: unsafe-perm in lifecycle true
9 verbose lifecycle pets4ever-backend@1.0.0~typings: PATH: C:\Program Files\nodejs\node_modules\npm\bin\node-gyp-bin;D:\Project\pets-forever\backend\node_modules\.bin;C:\Program Files\nodejs;C:\WINDOWS\system32;C:\WINDOWS;C:\WINDOWS\System32\Wbem;C:\WINDOWS\System32\WindowsPowerShell\v1.0\;C:\Program Files\Git\cmd;C:\Program Files\nodejs\;C:\Program Files (x86)\Microsoft SQL Server\100\Tools\Binn\;C:\Program Files (x86)\Microsoft SQL Server\100\DTS\Binn\;C:\Program Files (x86)\Microsoft SQL Server\100\Tools\Binn\VSShell\Common7\IDE\;C:\Users\Minh_Tien\AppData\Local\atom\bin;C:\Users\Minh_Tien\AppData\Roaming\npm;%USERPROFILE%\AppData\Local\Microsoft\WindowsApps;
10 verbose lifecycle pets4ever-backend@1.0.0~typings: CWD: D:\Project\pets-forever\backend
11 silly lifecycle pets4ever-backend@1.0.0~typings: Args: [ '/d /s /c', './node_modules/typings/dist/bin.js install' ]
12 silly lifecycle pets4ever-backend@1.0.0~typings: Returned: code: 1  signal: null
13 info lifecycle pets4ever-backend@1.0.0~typings: Failed to exec typings script
14 verbose stack Error: pets4ever-backend@1.0.0 typings: `./node_modules/typings/dist/bin.js install`
14 verbose stack Exit status 1
14 verbose stack     at EventEmitter.<anonymous> (C:\Program Files\nodejs\node_modules\npm\lib\utils\lifecycle.js:242:16)
14 verbose stack     at emitTwo (events.js:106:13)
14 verbose stack     at EventEmitter.emit (events.js:191:7)
14 verbose stack     at ChildProcess.<anonymous> (C:\Program Files\nodejs\node_modules\npm\lib\utils\spawn.js:40:14)
14 verbose stack     at emitTwo (events.js:106:13)
14 verbose stack     at ChildProcess.emit (events.js:191:7)
14 verbose stack     at maybeClose (internal/child_process.js:877:16)
14 verbose stack     at Process.ChildProcess._handle.onexit (internal/child_process.js:226:5)
15 verbose pkgid pets4ever-backend@1.0.0
16 verbose cwd D:\Project\pets-forever\backend
17 error Windows_NT 10.0.14393
18 error argv "C:\\Program Files\\nodejs\\node.exe" "C:\\Program Files\\nodejs\\node_modules\\npm\\bin\\npm-cli.js" "run" "typings"
19 error node v6.7.0
20 error npm  v3.10.3
21 error code ELIFECYCLE
22 error pets4ever-backend@1.0.0 typings: `./node_modules/typings/dist/bin.js install`
22 error Exit status 1
23 error Failed at the pets4ever-backend@1.0.0 typings script './node_modules/typings/dist/bin.js install'.
23 error Make sure you have the latest version of node.js and npm installed.
23 error If you do, this is most likely a problem with the pets4ever-backend package,
23 error not with npm itself.
23 error Tell the author that this fails on your system:
23 error     ./node_modules/typings/dist/bin.js install
23 error You can get information on how to open an issue for this project with:
23 error     npm bugs pets4ever-backend
23 error Or if that isn't available, you can get their info via:
23 error     npm owner ls pets4ever-backend
23 error There is likely additional logging output above.
24 verbose exit [ 1, true ]
